{"C:\\Users\\larai\\Documents\\M1-IWOCS\\Web\\JS-TP\\web-react-router\\src\\App.jsx": {"path":"C:\\Users\\larai\\Documents\\M1-IWOCS\\Web\\JS-TP\\web-react-router\\src\\App.jsx","statementMap":{"0":{"start":{"line":9,"column":4},"end":{"line":9,"column":17}},"1":{"start":{"line":10,"column":4},"end":{"line":15,"column":6}},"2":{"start":{"line":16,"column":4},"end":{"line":16,"column":59}},"3":{"start":{"line":17,"column":4},"end":{"line":17,"column":73}},"4":{"start":{"line":21,"column":4},"end":{"line":23,"column":5}},"5":{"start":{"line":22,"column":6},"end":{"line":22,"column":24}},"6":{"start":{"line":27,"column":19},"end":{"line":27,"column":36}},"7":{"start":{"line":29,"column":4},"end":{"line":33,"column":7}},"8":{"start":{"line":30,"column":6},"end":{"line":30,"column":38}},"9":{"start":{"line":31,"column":6},"end":{"line":31,"column":34}},"10":{"start":{"line":32,"column":6},"end":{"line":32,"column":43}},"11":{"start":{"line":35,"column":4},"end":{"line":45,"column":7}},"12":{"start":{"line":36,"column":28},"end":{"line":36,"column":58}},"13":{"start":{"line":37,"column":6},"end":{"line":44,"column":9}},"14":{"start":{"line":38,"column":28},"end":{"line":38,"column":59}},"15":{"start":{"line":39,"column":8},"end":{"line":41,"column":9}},"16":{"start":{"line":40,"column":10},"end":{"line":40,"column":47}},"17":{"start":{"line":42,"column":8},"end":{"line":42,"column":60}},"18":{"start":{"line":43,"column":8},"end":{"line":43,"column":47}},"19":{"start":{"line":47,"column":4},"end":{"line":47,"column":25}},"20":{"start":{"line":51,"column":4},"end":{"line":54,"column":5}},"21":{"start":{"line":52,"column":6},"end":{"line":52,"column":24}},"22":{"start":{"line":53,"column":6},"end":{"line":53,"column":64}},"23":{"start":{"line":58,"column":4},"end":{"line":63,"column":5}},"24":{"start":{"line":59,"column":6},"end":{"line":59,"column":32}},"25":{"start":{"line":60,"column":6},"end":{"line":60,"column":33}},"26":{"start":{"line":62,"column":6},"end":{"line":62,"column":45}},"27":{"start":{"line":67,"column":4},"end":{"line":67,"column":49}},"28":{"start":{"line":71,"column":4},"end":{"line":71,"column":43}},"29":{"start":{"line":75,"column":4},"end":{"line":75,"column":51}},"30":{"start":{"line":79,"column":4},"end":{"line":127,"column":6}},"31":{"start":{"line":101,"column":16},"end":{"line":108,"column":21}},"32":{"start":{"line":104,"column":38},"end":{"line":104,"column":71}},"33":{"start":{"line":105,"column":38},"end":{"line":105,"column":61}}},"fnMap":{"0":{"name":"(anonymous_0)","decl":{"start":{"line":8,"column":2},"end":{"line":8,"column":3}},"loc":{"start":{"line":8,"column":21},"end":{"line":18,"column":3}},"line":8},"1":{"name":"(anonymous_1)","decl":{"start":{"line":20,"column":2},"end":{"line":20,"column":3}},"loc":{"start":{"line":20,"column":25},"end":{"line":24,"column":3}},"line":20},"2":{"name":"(anonymous_2)","decl":{"start":{"line":26,"column":2},"end":{"line":26,"column":3}},"loc":{"start":{"line":26,"column":21},"end":{"line":48,"column":3}},"line":26},"3":{"name":"(anonymous_3)","decl":{"start":{"line":29,"column":25},"end":{"line":29,"column":26}},"loc":{"start":{"line":29,"column":31},"end":{"line":33,"column":5}},"line":29},"4":{"name":"(anonymous_4)","decl":{"start":{"line":35,"column":25},"end":{"line":35,"column":26}},"loc":{"start":{"line":35,"column":45},"end":{"line":45,"column":5}},"line":35},"5":{"name":"(anonymous_5)","decl":{"start":{"line":37,"column":20},"end":{"line":37,"column":21}},"loc":{"start":{"line":37,"column":33},"end":{"line":44,"column":7}},"line":37},"6":{"name":"(anonymous_6)","decl":{"start":{"line":50,"column":2},"end":{"line":50,"column":3}},"loc":{"start":{"line":50,"column":23},"end":{"line":55,"column":3}},"line":50},"7":{"name":"(anonymous_7)","decl":{"start":{"line":57,"column":2},"end":{"line":57,"column":3}},"loc":{"start":{"line":57,"column":27},"end":{"line":64,"column":3}},"line":57},"8":{"name":"(anonymous_8)","decl":{"start":{"line":66,"column":2},"end":{"line":66,"column":3}},"loc":{"start":{"line":66,"column":31},"end":{"line":68,"column":3}},"line":66},"9":{"name":"(anonymous_9)","decl":{"start":{"line":70,"column":2},"end":{"line":70,"column":3}},"loc":{"start":{"line":70,"column":21},"end":{"line":72,"column":3}},"line":70},"10":{"name":"(anonymous_10)","decl":{"start":{"line":74,"column":2},"end":{"line":74,"column":3}},"loc":{"start":{"line":74,"column":25},"end":{"line":76,"column":3}},"line":74},"11":{"name":"(anonymous_11)","decl":{"start":{"line":78,"column":2},"end":{"line":78,"column":3}},"loc":{"start":{"line":78,"column":11},"end":{"line":128,"column":3}},"line":78},"12":{"name":"(anonymous_12)","decl":{"start":{"line":100,"column":58},"end":{"line":100,"column":59}},"loc":{"start":{"line":101,"column":16},"end":{"line":108,"column":21}},"line":101},"13":{"name":"(anonymous_13)","decl":{"start":{"line":104,"column":32},"end":{"line":104,"column":33}},"loc":{"start":{"line":104,"column":38},"end":{"line":104,"column":71}},"line":104},"14":{"name":"(anonymous_14)","decl":{"start":{"line":105,"column":32},"end":{"line":105,"column":33}},"loc":{"start":{"line":105,"column":38},"end":{"line":105,"column":61}},"line":105}},"branchMap":{"0":{"loc":{"start":{"line":21,"column":4},"end":{"line":23,"column":5}},"type":"if","locations":[{"start":{"line":21,"column":4},"end":{"line":23,"column":5}},{"start":{},"end":{}}],"line":21},"1":{"loc":{"start":{"line":39,"column":8},"end":{"line":41,"column":9}},"type":"if","locations":[{"start":{"line":39,"column":8},"end":{"line":41,"column":9}},{"start":{},"end":{}}],"line":39},"2":{"loc":{"start":{"line":51,"column":4},"end":{"line":54,"column":5}},"type":"if","locations":[{"start":{"line":51,"column":4},"end":{"line":54,"column":5}},{"start":{},"end":{}}],"line":51},"3":{"loc":{"start":{"line":58,"column":4},"end":{"line":63,"column":5}},"type":"if","locations":[{"start":{"line":58,"column":4},"end":{"line":63,"column":5}},{"start":{"line":61,"column":11},"end":{"line":63,"column":5}}],"line":58},"4":{"loc":{"start":{"line":95,"column":15},"end":{"line":95,"column":64}},"type":"cond-expr","locations":[{"start":{"line":95,"column":40},"end":{"line":95,"column":52}},{"start":{"line":95,"column":55},"end":{"line":95,"column":64}}],"line":95}},"s":{"0":5,"1":5,"2":5,"3":5,"4":5,"5":1,"6":1,"7":1,"8":1,"9":1,"10":1,"11":1,"12":0,"13":0,"14":0,"15":0,"16":0,"17":0,"18":0,"19":1,"20":1,"21":1,"22":1,"23":2,"24":1,"25":1,"26":1,"27":0,"28":0,"29":2,"30":9,"31":0,"32":0,"33":0},"f":{"0":5,"1":5,"2":1,"3":1,"4":0,"5":0,"6":1,"7":2,"8":0,"9":0,"10":2,"11":9,"12":0,"13":0,"14":0},"b":{"0":[1,4],"1":[0,0],"2":[1,0],"3":[1,1],"4":[1,8]},"_coverageSchema":"1a1c01bbd47fc00a2c39e90264f33305004495a9","hash":"f2e32e9b0772ddc944692efb9178100120d0fb87"}
,"C:\\Users\\larai\\Documents\\M1-IWOCS\\Web\\JS-TP\\web-react-router\\src\\SensorPage.jsx": {"path":"C:\\Users\\larai\\Documents\\M1-IWOCS\\Web\\JS-TP\\web-react-router\\src\\SensorPage.jsx","statementMap":{"0":{"start":{"line":6,"column":29},"end":{"line":6,"column":34}},"1":{"start":{"line":7,"column":25},"end":{"line":7,"column":36}},"2":{"start":{"line":8,"column":21},"end":{"line":8,"column":47}},"3":{"start":{"line":10,"column":2},"end":{"line":38,"column":4}},"4":{"start":{"line":27,"column":16},"end":{"line":29,"column":21}}},"fnMap":{"0":{"name":"SensorPage","decl":{"start":{"line":5,"column":9},"end":{"line":5,"column":19}},"loc":{"start":{"line":5,"column":27},"end":{"line":39,"column":1}},"line":5},"1":{"name":"(anonymous_1)","decl":{"start":{"line":26,"column":46},"end":{"line":26,"column":47}},"loc":{"start":{"line":27,"column":16},"end":{"line":29,"column":21}},"line":27}},"branchMap":{"0":{"loc":{"start":{"line":15,"column":9},"end":{"line":21,"column":9}},"type":"binary-expr","locations":[{"start":{"line":15,"column":9},"end":{"line":15,"column":19}},{"start":{"line":15,"column":23},"end":{"line":15,"column":44}},{"start":{"line":16,"column":10},"end":{"line":20,"column":15}}],"line":15},"1":{"loc":{"start":{"line":22,"column":9},"end":{"line":35,"column":9}},"type":"cond-expr","locations":[{"start":{"line":23,"column":10},"end":{"line":32,"column":16}},{"start":{"line":34,"column":10},"end":{"line":34,"column":52}}],"line":22},"2":{"loc":{"start":{"line":22,"column":9},"end":{"line":22,"column":76}},"type":"binary-expr","locations":[{"start":{"line":22,"column":9},"end":{"line":22,"column":35}},{"start":{"line":22,"column":39},"end":{"line":22,"column":76}}],"line":22}},"s":{"0":3,"1":3,"2":3,"3":3,"4":6},"f":{"0":3,"1":6},"b":{"0":[3,3,3],"1":[2,1],"2":[3,3]},"_coverageSchema":"1a1c01bbd47fc00a2c39e90264f33305004495a9","hash":"4fbf9629dd4cb6bc0d69db79a2b15e48eb5cc4f9"}
}
