TN:
SF:src\App.jsx
FN:8,(anonymous_0)
FN:20,(anonymous_1)
FN:26,(anonymous_2)
FN:29,(anonymous_3)
FN:35,(anonymous_4)
FN:37,(anonymous_5)
FN:50,(anonymous_6)
FN:57,(anonymous_7)
FN:66,(anonymous_8)
FN:70,(anonymous_9)
FN:74,(anonymous_10)
FN:78,(anonymous_11)
FN:100,(anonymous_12)
FN:104,(anonymous_13)
FN:105,(anonymous_14)
FNF:15
FNH:8
FNDA:5,(anonymous_0)
FNDA:5,(anonymous_1)
FNDA:1,(anonymous_2)
FNDA:1,(anonymous_3)
FNDA:0,(anonymous_4)
FNDA:0,(anonymous_5)
FNDA:1,(anonymous_6)
FNDA:2,(anonymous_7)
FNDA:0,(anonymous_8)
FNDA:0,(anonymous_9)
FNDA:2,(anonymous_10)
FNDA:9,(anonymous_11)
FNDA:0,(anonymous_12)
FNDA:0,(anonymous_13)
FNDA:0,(anonymous_14)
DA:9,5
DA:10,5
DA:16,5
DA:17,5
DA:21,5
DA:22,1
DA:27,1
DA:29,1
DA:30,1
DA:31,1
DA:32,1
DA:35,1
DA:36,0
DA:37,0
DA:38,0
DA:39,0
DA:40,0
DA:42,0
DA:43,0
DA:47,1
DA:51,1
DA:52,1
DA:53,1
DA:58,2
DA:59,1
DA:60,1
DA:62,1
DA:67,0
DA:71,0
DA:75,2
DA:79,9
DA:101,0
DA:104,0
DA:105,0
LF:34
LH:22
BRDA:21,0,0,1
BRDA:21,0,1,4
BRDA:39,1,0,0
BRDA:39,1,1,0
BRDA:51,2,0,1
BRDA:51,2,1,0
BRDA:58,3,0,1
BRDA:58,3,1,1
BRDA:95,4,0,1
BRDA:95,4,1,8
BRF:10
BRH:7
end_of_record
TN:
SF:src\SensorPage.jsx
FN:5,SensorPage
FN:26,(anonymous_1)
FNF:2
FNH:2
FNDA:3,SensorPage
FNDA:6,(anonymous_1)
DA:6,3
DA:7,3
DA:8,3
DA:10,3
DA:27,6
LF:5
LH:5
BRDA:15,0,0,3
BRDA:15,0,1,3
BRDA:15,0,2,3
BRDA:22,1,0,2
BRDA:22,1,1,1
BRDA:22,2,0,3
BRDA:22,2,1,3
BRF:7
BRH:7
end_of_record
